mode: set
github.com/svetozar12/dragon-cli/utils/copyTemplate.go:10.103,14.23 3 0
github.com/svetozar12/dragon-cli/utils/copyTemplate.go:14.23,16.3 1 0
github.com/svetozar12/dragon-cli/utils/copyTemplate.go:18.2,18.66 1 0
github.com/svetozar12/dragon-cli/utils/copyTemplate.go:18.66,21.3 2 0
github.com/svetozar12/dragon-cli/utils/copyTemplate.go:23.2,23.12 1 0
github.com/svetozar12/dragon-cli/utils/copyTemplate.go:26.64,29.61 2 0
github.com/svetozar12/dragon-cli/utils/copyTemplate.go:29.61,32.3 2 0
github.com/svetozar12/dragon-cli/utils/copyTemplate.go:33.2,36.34 3 0
github.com/svetozar12/dragon-cli/utils/copyTemplate.go:36.34,39.3 2 0
github.com/svetozar12/dragon-cli/utils/copyTemplate.go:40.2,43.34 4 0
github.com/svetozar12/dragon-cli/utils/copyTemplate.go:43.34,46.3 2 0
github.com/svetozar12/dragon-cli/utils/copyTemplate.go:47.2,48.12 2 0
github.com/svetozar12/dragon-cli/utils/copyTemplate.go:51.50,56.34 5 0
github.com/svetozar12/dragon-cli/utils/copyTemplate.go:56.34,59.3 2 0
github.com/svetozar12/dragon-cli/utils/copyTemplate.go:60.2,60.12 1 0
github.com/svetozar12/dragon-cli/utils/copyTemplate.go:63.56,67.34 4 0
github.com/svetozar12/dragon-cli/utils/copyTemplate.go:67.34,70.3 2 0
github.com/svetozar12/dragon-cli/utils/copyTemplate.go:71.2,71.12 1 0
github.com/svetozar12/dragon-cli/utils/decodeJson.go:9.76,11.16 2 1
github.com/svetozar12/dragon-cli/utils/decodeJson.go:11.16,13.3 1 1
github.com/svetozar12/dragon-cli/utils/decodeJson.go:16.2,17.60 2 1
github.com/svetozar12/dragon-cli/utils/decodeJson.go:17.60,19.3 1 1
github.com/svetozar12/dragon-cli/utils/decodeJson.go:20.2,20.24 1 1
github.com/svetozar12/dragon-cli/utils/decodeJson.go:23.69,26.16 3 1
github.com/svetozar12/dragon-cli/utils/decodeJson.go:26.16,28.3 1 1
github.com/svetozar12/dragon-cli/utils/decodeJson.go:29.2,29.51 1 1
github.com/svetozar12/dragon-cli/utils/decodeJson.go:29.51,31.3 1 1
github.com/svetozar12/dragon-cli/utils/decodeJson.go:32.2,32.12 1 1
github.com/svetozar12/dragon-cli/utils/deps.go:14.53,15.22 1 1
github.com/svetozar12/dragon-cli/utils/deps.go:15.22,19.3 2 1
github.com/svetozar12/dragon-cli/utils/deps.go:20.2,20.25 1 1
github.com/svetozar12/dragon-cli/utils/deps.go:20.25,23.3 2 1
github.com/svetozar12/dragon-cli/utils/deps.go:26.37,28.2 1 1
github.com/svetozar12/dragon-cli/utils/deps.go:30.48,34.26 3 1
github.com/svetozar12/dragon-cli/utils/deps.go:34.26,35.22 1 1
github.com/svetozar12/dragon-cli/utils/deps.go:35.22,38.4 2 1
github.com/svetozar12/dragon-cli/utils/deps.go:41.2,41.15 1 1
github.com/svetozar12/dragon-cli/utils/deps.go:44.75,49.34 5 1
github.com/svetozar12/dragon-cli/utils/deps.go:49.34,51.3 1 1
github.com/svetozar12/dragon-cli/utils/deps.go:53.2,53.12 1 1
github.com/svetozar12/dragon-cli/utils/deps.go:56.80,57.26 1 1
github.com/svetozar12/dragon-cli/utils/deps.go:57.26,59.3 1 1
github.com/svetozar12/dragon-cli/utils/deps.go:60.2,63.16 3 1
github.com/svetozar12/dragon-cli/utils/deps.go:63.16,65.3 1 1
github.com/svetozar12/dragon-cli/utils/deps.go:66.2,70.36 4 1
github.com/svetozar12/dragon-cli/utils/deps.go:70.36,72.12 2 1
github.com/svetozar12/dragon-cli/utils/deps.go:72.12,74.4 1 1
github.com/svetozar12/dragon-cli/utils/deps.go:74.9,77.4 1 1
github.com/svetozar12/dragon-cli/utils/deps.go:80.2,81.12 2 1
github.com/svetozar12/dragon-cli/utils/flags.go:12.40,15.69 3 0
github.com/svetozar12/dragon-cli/utils/flags.go:15.69,16.37 1 0
github.com/svetozar12/dragon-cli/utils/flags.go:16.37,19.4 2 0
github.com/svetozar12/dragon-cli/utils/flags.go:21.2,30.87 5 0
github.com/svetozar12/dragon-cli/utils/input.go:7.54,16.2 4 0
github.com/svetozar12/dragon-cli/utils/input.go:18.36,23.2 4 0
github.com/svetozar12/dragon-cli/utils/input.go:25.43,29.9 4 0
github.com/svetozar12/dragon-cli/utils/input.go:29.9,31.3 1 0
github.com/svetozar12/dragon-cli/utils/input.go:32.2,32.16 1 0
